midisheet/build/intermediates/manifest_merge_blame_file/debug/manifest-merger-blame-debug-report.txt
1<?xml version="1.0" encoding="utf-8"?>
2<manifest xmlns:android="http://schemas.android.com/apk/res/android"
3    xmlns:tools="http://schemas.android.com/tools"
4    package="com.midisheetmusic"
5    android:versionCode="9"
6    android:versionName="2.6" >
7
8    <uses-sdk
9        android:minSdkVersion="21"
9-->src\main\AndroidManifest.xml
10        android:targetSdkVersion="28" />
10-->src\main\AndroidManifest.xml
11
12    <uses-permission android:name="android.permission.WRITE_EXTERNAL_STORAGE" />
12-->src\main\AndroidManifest.xml:8:5-81
12-->src\main\AndroidManifest.xml:8:22-78
13
14    <application
14-->src\main\AndroidManifest.xml:10:5-56:19
15        android:icon="@mipmap/ic_launcher"
15-->src\main\AndroidManifest.xml:11:9-43
16        android:label="@string/app_name"
16-->src\main\AndroidManifest.xml:12:9-41
17        android:theme="@style/AppTheme" >
17-->src\main\AndroidManifest.xml:13:9-40
18        <activity
18-->src\main\AndroidManifest.xml:14:9-22:20
19            android:name="com.midisheetmusic.SplashActivity"
19-->src\main\AndroidManifest.xml:15:13-43
20            android:theme="@style/SplashTheme" >
20-->src\main\AndroidManifest.xml:16:13-47
21            <intent-filter>
21-->src\main\AndroidManifest.xml:17:13-21:29
22                <action android:name="android.intent.action.MAIN" />
22-->src\main\AndroidManifest.xml:18:17-69
22-->src\main\AndroidManifest.xml:18:25-66
23
24                <category android:name="android.intent.category.DEFAULT" />
24-->src\main\AndroidManifest.xml:20:17-76
24-->src\main\AndroidManifest.xml:20:27-73
25            </intent-filter>
26        </activity>
27        <activity
27-->src\main\AndroidManifest.xml:23:9-24:80
28            android:name="com.midisheetmusic.ChooseSongActivity"
28-->src\main\AndroidManifest.xml:23:19-53
29            android:screenOrientation="landscape"
29-->src\main\AndroidManifest.xml:23:54-91
30            tools:ignore="GoogleAppIndexingWarning,LockedOrientationActivity" />
30-->src\main\AndroidManifest.xml:24:13-78
31        <activity android:name="com.midisheetmusic.FileBrowserActivity" />
31-->src\main\AndroidManifest.xml:25:9-57
31-->src\main\AndroidManifest.xml:25:19-54
32        <activity android:name="com.midisheetmusic.AllSongsActivity" />
32-->src\main\AndroidManifest.xml:26:9-54
32-->src\main\AndroidManifest.xml:26:19-51
33        <activity android:name="com.midisheetmusic.RecentSongsActivity" />
33-->src\main\AndroidManifest.xml:27:9-57
33-->src\main\AndroidManifest.xml:27:19-54
34        <activity
34-->src\main\AndroidManifest.xml:28:9-37:20
35            android:name="com.midisheetmusic.SettingsActivity"
35-->src\main\AndroidManifest.xml:29:13-45
36            android:label="@string/title_activity_settings"
36-->src\main\AndroidManifest.xml:30:13-60
37            android:theme="@style/Theme.AppCompat" >
37-->src\main\AndroidManifest.xml:31:13-51
38            <intent-filter>
38-->src\main\AndroidManifest.xml:32:13-36:29
39                <action android:name="android.intent.action.SETTINGS" />
39-->src\main\AndroidManifest.xml:33:17-73
39-->src\main\AndroidManifest.xml:33:25-70
40
41                <category android:name="android.intent.category.LAUNCHER" />
41-->src\main\AndroidManifest.xml:35:17-77
41-->src\main\AndroidManifest.xml:35:27-74
42            </intent-filter>
43        </activity>
44        <activity android:name="com.midisheetmusic.HelpActivity" />
44-->src\main\AndroidManifest.xml:38:9-50
44-->src\main\AndroidManifest.xml:38:19-47
45        <activity
45-->src\main\AndroidManifest.xml:39:9-55:20
46            android:name="com.midisheetmusic.SheetMusicActivity"
46-->src\main\AndroidManifest.xml:40:13-47
47            android:configChanges="orientation"
47-->src\main\AndroidManifest.xml:41:13-48
48            android:screenOrientation="landscape"
48-->src\main\AndroidManifest.xml:42:13-50
49            android:theme="@style/PlayerTheme" >
49-->src\main\AndroidManifest.xml:43:13-47
50            <intent-filter>
50-->src\main\AndroidManifest.xml:44:13-54:29
51                <action android:name="android.intent.action.VIEW" />
51-->src\main\AndroidManifest.xml:45:17-69
51-->src\main\AndroidManifest.xml:45:25-66
52
53                <category android:name="android.intent.category.DEFAULT" />
53-->src\main\AndroidManifest.xml:20:17-76
53-->src\main\AndroidManifest.xml:20:27-73
54
55                <data
55-->src\main\AndroidManifest.xml:49:17-53:45
56                    android:host="*"
56-->src\main\AndroidManifest.xml:50:21-37
57                    android:mimeType="*/*"
57-->src\main\AndroidManifest.xml:51:21-43
58                    android:pathPattern=".*\\.mid"
58-->src\main\AndroidManifest.xml:52:21-51
59                    android:scheme="file" />
59-->src\main\AndroidManifest.xml:53:21-42
60            </intent-filter>
61        </activity>
62    </application>
63
64</manifest>